2024.10.24 10:29:25 INFO  Started: Metals version 1.3.5 in folders 'C:\Users\lucie\Documents\Cours\E5\SCALA\parser-sql' for client Visual Studio Code 1.94.2.
SLF4J(W): Class path contains multiple SLF4J providers.
SLF4J(W): Found provider [scribe.slf4j.ScribeServiceProvider@4cbb5a43]
SLF4J(W): Found provider [ch.qos.logback.classic.spi.LogbackServiceProvider@309cd5d]
SLF4J(W): See https://www.slf4j.org/codes.html#multiple_bindings for an explanation.
SLF4J(I): Actual provider is of type [scribe.slf4j.ScribeServiceProvider@4cbb5a43]
2024.10.24 10:29:25 WARN  Flyway upgrade recommended: H2 2.3.230 is newer than this version of Flyway and support has not been tested. The latest supported version of H2 is 2.2.220.
2024.10.24 10:29:26 INFO  no build target found for C:\Users\lucie\Documents\Cours\E5\SCALA\parser-sql\parsersql\build.sbt. Using presentation compiler with project's scala-library version: 3.3.3
2024.10.24 10:29:45 INFO  no build target found for C:\Users\lucie\Documents\Cours\E5\SCALA\parser-sql\parsersql\build.sbt. Using presentation compiler with project's scala-library version: 3.3.3
2024.10.24 10:29:46 INFO  no build target found for C:\Users\lucie\Documents\Cours\E5\SCALA\parser-sql\parsersql\build.sbt. Using presentation compiler with project's scala-library version: 3.3.3
2024.10.24 10:29:50 INFO  no build target found for C:\Users\lucie\Documents\Cours\E5\SCALA\parser-sql\parsersql\build.sbt. Using presentation compiler with project's scala-library version: 3.3.3
2024.10.24 10:29:50 INFO  no build target found for C:\Users\lucie\Documents\Cours\E5\SCALA\parser-sql\parsersql\build.sbt. Using presentation compiler with project's scala-library version: 3.3.3
2024.10.24 10:31:17 INFO  no build target found for C:\Users\lucie\Documents\Cours\E5\SCALA\parser-sql\parsersql\build.sbt. Using presentation compiler with project's scala-library version: 3.3.3
2024.10.24 10:31:17 INFO  no build target found for C:\Users\lucie\Documents\Cours\E5\SCALA\parser-sql\parsersql\build.sbt. Using presentation compiler with project's scala-library version: 3.3.3
2024.10.24 10:31:17 INFO  no build target found for C:\Users\lucie\Documents\Cours\E5\SCALA\parser-sql\parsersql\build.sbt. Using presentation compiler with project's scala-library version: 3.3.3
2024.10.24 10:31:18 INFO  no build target found for C:\Users\lucie\Documents\Cours\E5\SCALA\parser-sql\parsersql\build.sbt. Using presentation compiler with project's scala-library version: 3.3.3
2024.10.24 10:31:18 INFO  no build target found for C:\Users\lucie\Documents\Cours\E5\SCALA\parser-sql\parsersql\build.sbt. Using presentation compiler with project's scala-library version: 3.3.3
2024.10.24 10:31:18 INFO  no build target found for C:\Users\lucie\Documents\Cours\E5\SCALA\parser-sql\parsersql\build.sbt. Using presentation compiler with project's scala-library version: 3.3.3
2024.10.24 10:31:18 INFO  no build target found for C:\Users\lucie\Documents\Cours\E5\SCALA\parser-sql\parsersql\build.sbt. Using presentation compiler with project's scala-library version: 3.3.3
2024.10.24 10:31:20 INFO  no build target found for C:\Users\lucie\Documents\Cours\E5\SCALA\parser-sql\parsersql\build.sbt. Using presentation compiler with project's scala-library version: 3.3.3
2024.10.24 10:31:20 WARN  no build target for: C:\Users\lucie\Documents\Cours\E5\SCALA\parser-sql\parsersql\build.sbt
2024.10.24 10:31:20 INFO  no build target found for C:\Users\lucie\Documents\Cours\E5\SCALA\parser-sql\parsersql\build.sbt. Using presentation compiler with project's scala-library version: 3.3.3
2024.10.24 10:31:20 INFO  skipping build import with status 'Dismissed'
2024.10.24 10:31:24 INFO  no build target found for C:\Users\lucie\Documents\Cours\E5\SCALA\parser-sql\parsersql\build.sbt. Using presentation compiler with project's scala-library version: 3.3.3
2024.10.24 10:31:24 INFO  no build target found for C:\Users\lucie\Documents\Cours\E5\SCALA\parser-sql\parsersql\build.sbt. Using presentation compiler with project's scala-library version: 3.3.3
2024.10.24 10:31:25 INFO  no build target found for C:\Users\lucie\Documents\Cours\E5\SCALA\parser-sql\parsersql\build.sbt. Using presentation compiler with project's scala-library version: 3.3.3
2024.10.24 10:31:26 INFO  no build target found for C:\Users\lucie\Documents\Cours\E5\SCALA\parser-sql\parsersql\build.sbt. Using presentation compiler with project's scala-library version: 3.3.3
2024.10.24 10:31:31 INFO  no build target found for C:\Users\lucie\Documents\Cours\E5\SCALA\parser-sql\parsersql\build.sbt. Using presentation compiler with project's scala-library version: 3.3.3
2024.10.24 10:31:31 INFO  no build target found for C:\Users\lucie\Documents\Cours\E5\SCALA\parser-sql\parsersql\build.sbt. Using presentation compiler with project's scala-library version: 3.3.3
2024.10.24 10:31:31 WARN  no build target for: C:\Users\lucie\Documents\Cours\E5\SCALA\parser-sql\parsersql\build.sbt
2024.10.24 10:31:31 INFO  no build target found for C:\Users\lucie\Documents\Cours\E5\SCALA\parser-sql\parsersql\build.sbt. Using presentation compiler with project's scala-library version: 3.3.3
2024.10.24 10:31:31 INFO  skipping build import with status 'Dismissed'
2024.10.24 10:31:31 INFO  no build target found for C:\Users\lucie\Documents\Cours\E5\SCALA\parser-sql\parsersql\build.sbt. Using presentation compiler with project's scala-library version: 3.3.3
2024.10.24 10:34:03 INFO  no build target found for C:\Users\lucie\Documents\Cours\E5\SCALA\parser-sql\parsersql\build.sbt. Using presentation compiler with project's scala-library version: 3.3.3
2024.10.24 10:34:03 INFO  no build target found for C:\Users\lucie\Documents\Cours\E5\SCALA\parser-sql\parsersql\build.sbt. Using presentation compiler with project's scala-library version: 3.3.3
2024.10.24 10:34:04 INFO  no build target found for C:\Users\lucie\Documents\Cours\E5\SCALA\parser-sql\parsersql\build.sbt. Using presentation compiler with project's scala-library version: 3.3.3
2024.10.24 10:34:04 INFO  no build target found for C:\Users\lucie\Documents\Cours\E5\SCALA\parser-sql\parsersql\build.sbt. Using presentation compiler with project's scala-library version: 3.3.3
2024.10.24 10:34:04 INFO  no build target found for C:\Users\lucie\Documents\Cours\E5\SCALA\parser-sql\parsersql\build.sbt. Using presentation compiler with project's scala-library version: 3.3.3
2024.10.24 10:34:05 INFO  no build target found for C:\Users\lucie\Documents\Cours\E5\SCALA\parser-sql\parsersql\build.sbt. Using presentation compiler with project's scala-library version: 3.3.3
2024.10.24 10:34:04 INFO  no build target found for C:\Users\lucie\Documents\Cours\E5\SCALA\parser-sql\parsersql\build.sbt. Using presentation compiler with project's scala-library version: 3.3.3
2024.10.24 10:34:04 INFO  no build target found for C:\Users\lucie\Documents\Cours\E5\SCALA\parser-sql\parsersql\build.sbt. Using presentation compiler with project's scala-library version: 3.3.3
2024.10.24 10:34:05 INFO  no build target found for C:\Users\lucie\Documents\Cours\E5\SCALA\parser-sql\parsersql\build.sbt. Using presentation compiler with project's scala-library version: 3.3.3
2024.10.24 10:34:05 INFO  no build target found for C:\Users\lucie\Documents\Cours\E5\SCALA\parser-sql\parsersql\build.sbt. Using presentation compiler with project's scala-library version: 3.3.3
2024.10.24 10:34:05 INFO  no build target found for C:\Users\lucie\Documents\Cours\E5\SCALA\parser-sql\parsersql\build.sbt. Using presentation compiler with project's scala-library version: 3.3.3
2024.10.24 10:34:06 INFO  no build target found for C:\Users\lucie\Documents\Cours\E5\SCALA\parser-sql\parsersql\build.sbt. Using presentation compiler with project's scala-library version: 3.3.3
2024.10.24 10:34:05 INFO  no build target found for C:\Users\lucie\Documents\Cours\E5\SCALA\parser-sql\parsersql\build.sbt. Using presentation compiler with project's scala-library version: 3.3.3
2024.10.24 10:34:05 INFO  no build target found for C:\Users\lucie\Documents\Cours\E5\SCALA\parser-sql\parsersql\build.sbt. Using presentation compiler with project's scala-library version: 3.3.3
2024.10.24 10:34:06 INFO  no build target found for C:\Users\lucie\Documents\Cours\E5\SCALA\parser-sql\parsersql\build.sbt. Using presentation compiler with project's scala-library version: 3.3.3
2024.10.24 10:34:06 INFO  no build target found for C:\Users\lucie\Documents\Cours\E5\SCALA\parser-sql\parsersql\build.sbt. Using presentation compiler with project's scala-library version: 3.3.3
2024.10.24 10:34:05 INFO  no build target found for C:\Users\lucie\Documents\Cours\E5\SCALA\parser-sql\parsersql\build.sbt. Using presentation compiler with project's scala-library version: 3.3.3
2024.10.24 10:34:06 INFO  no build target found for C:\Users\lucie\Documents\Cours\E5\SCALA\parser-sql\parsersql\build.sbt. Using presentation compiler with project's scala-library version: 3.3.3
2024.10.24 10:34:06 INFO  no build target found for C:\Users\lucie\Documents\Cours\E5\SCALA\parser-sql\parsersql\build.sbt. Using presentation compiler with project's scala-library version: 3.3.3
2024.10.24 10:34:07 INFO  no build target found for C:\Users\lucie\Documents\Cours\E5\SCALA\parser-sql\parsersql\build.sbt. Using presentation compiler with project's scala-library version: 3.3.3
2024.10.24 10:34:07 INFO  no build target found for C:\Users\lucie\Documents\Cours\E5\SCALA\parser-sql\parsersql\build.sbt. Using presentation compiler with project's scala-library version: 3.3.3
2024.10.24 10:34:07 WARN  no build target for: C:\Users\lucie\Documents\Cours\E5\SCALA\parser-sql\parsersql\build.sbt
2024.10.24 10:34:07 INFO  no build target found for C:\Users\lucie\Documents\Cours\E5\SCALA\parser-sql\parsersql\build.sbt. Using presentation compiler with project's scala-library version: 3.3.3
2024.10.24 10:34:42 INFO  no build target found for C:\Users\lucie\Documents\Cours\E5\SCALA\parser-sql\parsersql\build.sbt. Using presentation compiler with project's scala-library version: 3.3.3
2024.10.24 10:34:45 INFO  no build target found for C:\Users\lucie\Documents\Cours\E5\SCALA\parser-sql\parsersql\build.sbt. Using presentation compiler with project's scala-library version: 3.3.3
2024.10.24 10:34:45 INFO  no build target found for C:\Users\lucie\Documents\Cours\E5\SCALA\parser-sql\parsersql\build.sbt. Using presentation compiler with project's scala-library version: 3.3.3
2024.10.24 10:34:45 INFO  no build target found for C:\Users\lucie\Documents\Cours\E5\SCALA\parser-sql\parsersql\build.sbt. Using presentation compiler with project's scala-library version: 3.3.3
2024.10.24 10:34:45 INFO  no build target found for C:\Users\lucie\Documents\Cours\E5\SCALA\parser-sql\parsersql\build.sbt. Using presentation compiler with project's scala-library version: 3.3.3
2024.10.24 10:34:46 INFO  no build target found for C:\Users\lucie\Documents\Cours\E5\SCALA\parser-sql\parsersql\build.sbt. Using presentation compiler with project's scala-library version: 3.3.3
2024.10.24 10:34:45 INFO  no build target found for C:\Users\lucie\Documents\Cours\E5\SCALA\parser-sql\parsersql\build.sbt. Using presentation compiler with project's scala-library version: 3.3.3
2024.10.24 10:34:45 INFO  no build target found for C:\Users\lucie\Documents\Cours\E5\SCALA\parser-sql\parsersql\build.sbt. Using presentation compiler with project's scala-library version: 3.3.3
oct. 24, 2024 10:34:46 AM org.eclipse.lsp4j.jsonrpc.RemoteEndpoint handleCancellation
AVERTISSEMENT: Unmatched cancel notification for request id 118
2024.10.24 10:34:46 INFO  no build target found for C:\Users\lucie\Documents\Cours\E5\SCALA\parser-sql\parsersql\build.sbt. Using presentation compiler with project's scala-library version: 3.3.3
2024.10.24 10:34:45 INFO  no build target found for C:\Users\lucie\Documents\Cours\E5\SCALA\parser-sql\parsersql\build.sbt. Using presentation compiler with project's scala-library version: 3.3.3
2024.10.24 10:34:45 INFO  no build target found for C:\Users\lucie\Documents\Cours\E5\SCALA\parser-sql\parsersql\build.sbt. Using presentation compiler with project's scala-library version: 3.3.3
2024.10.24 10:34:46 INFO  no build target found for C:\Users\lucie\Documents\Cours\E5\SCALA\parser-sql\parsersql\build.sbt. Using presentation compiler with project's scala-library version: 3.3.3
2024.10.24 10:34:46 INFO  no build target found for C:\Users\lucie\Documents\Cours\E5\SCALA\parser-sql\parsersql\build.sbt. Using presentation compiler with project's scala-library version: 3.3.3
2024.10.24 10:34:46 INFO  no build target found for C:\Users\lucie\Documents\Cours\E5\SCALA\parser-sql\parsersql\build.sbt. Using presentation compiler with project's scala-library version: 3.3.3
2024.10.24 10:34:46 INFO  no build target found for C:\Users\lucie\Documents\Cours\E5\SCALA\parser-sql\parsersql\build.sbt. Using presentation compiler with project's scala-library version: 3.3.3
2024.10.24 10:34:46 INFO  no build target found for C:\Users\lucie\Documents\Cours\E5\SCALA\parser-sql\parsersql\build.sbt. Using presentation compiler with project's scala-library version: 3.3.3
2024.10.24 10:34:47 INFO  no build target found for C:\Users\lucie\Documents\Cours\E5\SCALA\parser-sql\parsersql\build.sbt. Using presentation compiler with project's scala-library version: 3.3.3
2024.10.24 10:34:47 WARN  no build target for: C:\Users\lucie\Documents\Cours\E5\SCALA\parser-sql\parsersql\build.sbt
2024.10.24 10:34:47 INFO  no build target found for C:\Users\lucie\Documents\Cours\E5\SCALA\parser-sql\parsersql\build.sbt. Using presentation compiler with project's scala-library version: 3.3.3
2024.10.24 10:34:47 INFO  skipping build import with status 'Dismissed'
2024.10.24 10:35:00 INFO  no build target found for C:\Users\lucie\Documents\Cours\E5\SCALA\parser-sql\parsersql\build.sbt. Using presentation compiler with project's scala-library version: 3.3.3
2024.10.24 10:35:07 INFO  no build target found for C:\Users\lucie\Documents\Cours\E5\SCALA\parser-sql\parsersql\build.sbt. Using presentation compiler with project's scala-library version: 3.3.3
2024.10.24 10:35:07 INFO  no build target found for C:\Users\lucie\Documents\Cours\E5\SCALA\parser-sql\parsersql\build.sbt. Using presentation compiler with project's scala-library version: 3.3.3
2024.10.24 10:35:07 INFO  no build target found for C:\Users\lucie\Documents\Cours\E5\SCALA\parser-sql\parsersql\build.sbt. Using presentation compiler with project's scala-library version: 3.3.3
2024.10.24 10:36:17 INFO  no build target found for C:\Users\lucie\Documents\Cours\E5\SCALA\parser-sql\parsersql\build.sbt. Using presentation compiler with project's scala-library version: 3.3.3
2024.10.24 10:36:17 INFO  no build target found for C:\Users\lucie\Documents\Cours\E5\SCALA\parser-sql\parsersql\build.sbt. Using presentation compiler with project's scala-library version: 3.3.3
2024.10.24 10:36:17 INFO  no build target found for C:\Users\lucie\Documents\Cours\E5\SCALA\parser-sql\parsersql\build.sbt. Using presentation compiler with project's scala-library version: 3.3.3
2024.10.24 10:36:17 INFO  no build target found for C:\Users\lucie\Documents\Cours\E5\SCALA\parser-sql\parsersql\build.sbt. Using presentation compiler with project's scala-library version: 3.3.3
2024.10.24 10:36:18 INFO  no build target found for C:\Users\lucie\Documents\Cours\E5\SCALA\parser-sql\parsersql\build.sbt. Using presentation compiler with project's scala-library version: 3.3.3
2024.10.24 10:36:18 INFO  no build target found for C:\Users\lucie\Documents\Cours\E5\SCALA\parser-sql\parsersql\build.sbt. Using presentation compiler with project's scala-library version: 3.3.3
2024.10.24 10:36:18 INFO  no build target found for C:\Users\lucie\Documents\Cours\E5\SCALA\parser-sql\parsersql\build.sbt. Using presentation compiler with project's scala-library version: 3.3.3
2024.10.24 10:36:18 INFO  no build target found for C:\Users\lucie\Documents\Cours\E5\SCALA\parser-sql\parsersql\build.sbt. Using presentation compiler with project's scala-library version: 3.3.3
2024.10.24 10:36:18 INFO  no build target found for C:\Users\lucie\Documents\Cours\E5\SCALA\parser-sql\parsersql\build.sbt. Using presentation compiler with project's scala-library version: 3.3.3
2024.10.24 10:36:19 INFO  no build target found for C:\Users\lucie\Documents\Cours\E5\SCALA\parser-sql\parsersql\build.sbt. Using presentation compiler with project's scala-library version: 3.3.3
2024.10.24 10:36:18 INFO  no build target found for C:\Users\lucie\Documents\Cours\E5\SCALA\parser-sql\parsersql\build.sbt. Using presentation compiler with project's scala-library version: 3.3.3
2024.10.24 10:36:18 INFO  no build target found for C:\Users\lucie\Documents\Cours\E5\SCALA\parser-sql\parsersql\build.sbt. Using presentation compiler with project's scala-library version: 3.3.3
2024.10.24 10:36:19 INFO  no build target found for C:\Users\lucie\Documents\Cours\E5\SCALA\parser-sql\parsersql\build.sbt. Using presentation compiler with project's scala-library version: 3.3.3
2024.10.24 10:36:19 INFO  no build target found for C:\Users\lucie\Documents\Cours\E5\SCALA\parser-sql\parsersql\build.sbt. Using presentation compiler with project's scala-library version: 3.3.3
2024.10.24 10:36:19 INFO  no build target found for C:\Users\lucie\Documents\Cours\E5\SCALA\parser-sql\parsersql\build.sbt. Using presentation compiler with project's scala-library version: 3.3.3
2024.10.24 10:36:19 INFO  no build target found for C:\Users\lucie\Documents\Cours\E5\SCALA\parser-sql\parsersql\build.sbt. Using presentation compiler with project's scala-library version: 3.3.3
2024.10.24 10:36:19 INFO  no build target found for C:\Users\lucie\Documents\Cours\E5\SCALA\parser-sql\parsersql\build.sbt. Using presentation compiler with project's scala-library version: 3.3.3
2024.10.24 10:36:19 INFO  no build target found for C:\Users\lucie\Documents\Cours\E5\SCALA\parser-sql\parsersql\build.sbt. Using presentation compiler with project's scala-library version: 3.3.3
2024.10.24 10:36:19 INFO  no build target found for C:\Users\lucie\Documents\Cours\E5\SCALA\parser-sql\parsersql\build.sbt. Using presentation compiler with project's scala-library version: 3.3.3
2024.10.24 10:36:20 INFO  no build target found for C:\Users\lucie\Documents\Cours\E5\SCALA\parser-sql\parsersql\build.sbt. Using presentation compiler with project's scala-library version: 3.3.3
2024.10.24 10:36:19 INFO  no build target found for C:\Users\lucie\Documents\Cours\E5\SCALA\parser-sql\parsersql\build.sbt. Using presentation compiler with project's scala-library version: 3.3.3
2024.10.24 10:36:20 INFO  no build target found for C:\Users\lucie\Documents\Cours\E5\SCALA\parser-sql\parsersql\build.sbt. Using presentation compiler with project's scala-library version: 3.3.3
2024.10.24 10:36:20 INFO  no build target found for C:\Users\lucie\Documents\Cours\E5\SCALA\parser-sql\parsersql\build.sbt. Using presentation compiler with project's scala-library version: 3.3.3
2024.10.24 10:36:21 WARN  no build target for: C:\Users\lucie\Documents\Cours\E5\SCALA\parser-sql\parsersql\build.sbt
2024.10.24 10:36:21 INFO  no build target found for C:\Users\lucie\Documents\Cours\E5\SCALA\parser-sql\parsersql\build.sbt. Using presentation compiler with project's scala-library version: 3.3.3
2024.10.24 10:36:26 INFO  no build target found for C:\Users\lucie\Documents\Cours\E5\SCALA\parser-sql\parsersql\build.sbt. Using presentation compiler with project's scala-library version: 3.3.3
2024.10.24 10:36:26 INFO  no build target found for C:\Users\lucie\Documents\Cours\E5\SCALA\parser-sql\parsersql\build.sbt. Using presentation compiler with project's scala-library version: 3.3.3
2024.10.24 10:38:10 INFO  no build target found for C:\Users\lucie\Documents\Cours\E5\SCALA\parser-sql\parsersql\build.sbt. Using presentation compiler with project's scala-library version: 3.3.3
2024.10.24 10:38:22 INFO  no build target found for C:\Users\lucie\Documents\Cours\E5\SCALA\parser-sql\parsersql\build.sbt. Using presentation compiler with project's scala-library version: 3.3.3
2024.10.24 10:38:45 INFO  no build target found for C:\Users\lucie\Documents\Cours\E5\SCALA\parser-sql\parsersql\build.sbt. Using presentation compiler with project's scala-library version: 3.3.3
2024.10.24 10:38:49 INFO  no build target found for C:\Users\lucie\Documents\Cours\E5\SCALA\parser-sql\parsersql\build.sbt. Using presentation compiler with project's scala-library version: 3.3.3
2024.10.24 10:38:49 INFO  no build target found for C:\Users\lucie\Documents\Cours\E5\SCALA\parser-sql\parsersql\build.sbt. Using presentation compiler with project's scala-library version: 3.3.3
2024.10.24 10:38:50 INFO  no build target found for C:\Users\lucie\Documents\Cours\E5\SCALA\parser-sql\parsersql\build.sbt. Using presentation compiler with project's scala-library version: 3.3.3
2024.10.24 10:38:50 INFO  no build target found for C:\Users\lucie\Documents\Cours\E5\SCALA\parser-sql\parsersql\build.sbt. Using presentation compiler with project's scala-library version: 3.3.3
2024.10.24 10:38:52 INFO  no build target found for C:\Users\lucie\Documents\Cours\E5\SCALA\parser-sql\parsersql\build.sbt. Using presentation compiler with project's scala-library version: 3.3.3
2024.10.24 10:38:52 INFO  no build target found for C:\Users\lucie\Documents\Cours\E5\SCALA\parser-sql\parsersql\build.sbt. Using presentation compiler with project's scala-library version: 3.3.3
2024.10.24 10:38:52 INFO  no build target found for C:\Users\lucie\Documents\Cours\E5\SCALA\parser-sql\parsersql\build.sbt. Using presentation compiler with project's scala-library version: 3.3.3
2024.10.24 10:38:52 INFO  no build target found for C:\Users\lucie\Documents\Cours\E5\SCALA\parser-sql\parsersql\build.sbt. Using presentation compiler with project's scala-library version: 3.3.3
2024.10.24 10:38:52 INFO  no build target found for C:\Users\lucie\Documents\Cours\E5\SCALA\parser-sql\parsersql\build.sbt. Using presentation compiler with project's scala-library version: 3.3.3
2024.10.24 10:38:53 INFO  no build target found for C:\Users\lucie\Documents\Cours\E5\SCALA\parser-sql\parsersql\build.sbt. Using presentation compiler with project's scala-library version: 3.3.3
2024.10.24 10:38:53 INFO  no build target found for C:\Users\lucie\Documents\Cours\E5\SCALA\parser-sql\parsersql\build.sbt. Using presentation compiler with project's scala-library version: 3.3.3
2024.10.24 10:38:53 INFO  no build target found for C:\Users\lucie\Documents\Cours\E5\SCALA\parser-sql\parsersql\build.sbt. Using presentation compiler with project's scala-library version: 3.3.3
2024.10.24 10:38:53 INFO  no build target found for C:\Users\lucie\Documents\Cours\E5\SCALA\parser-sql\parsersql\build.sbt. Using presentation compiler with project's scala-library version: 3.3.3
2024.10.24 10:38:53 INFO  no build target found for C:\Users\lucie\Documents\Cours\E5\SCALA\parser-sql\parsersql\build.sbt. Using presentation compiler with project's scala-library version: 3.3.3
2024.10.24 10:38:53 INFO  no build target found for C:\Users\lucie\Documents\Cours\E5\SCALA\parser-sql\parsersql\build.sbt. Using presentation compiler with project's scala-library version: 3.3.3
2024.10.24 10:38:53 INFO  no build target found for C:\Users\lucie\Documents\Cours\E5\SCALA\parser-sql\parsersql\build.sbt. Using presentation compiler with project's scala-library version: 3.3.3
2024.10.24 10:38:53 INFO  no build target found for C:\Users\lucie\Documents\Cours\E5\SCALA\parser-sql\parsersql\build.sbt. Using presentation compiler with project's scala-library version: 3.3.3
2024.10.24 10:38:53 INFO  no build target found for C:\Users\lucie\Documents\Cours\E5\SCALA\parser-sql\parsersql\build.sbt. Using presentation compiler with project's scala-library version: 3.3.3
2024.10.24 10:38:54 INFO  no build target found for C:\Users\lucie\Documents\Cours\E5\SCALA\parser-sql\parsersql\build.sbt. Using presentation compiler with project's scala-library version: 3.3.3
2024.10.24 10:38:54 INFO  no build target found for C:\Users\lucie\Documents\Cours\E5\SCALA\parser-sql\parsersql\build.sbt. Using presentation compiler with project's scala-library version: 3.3.3
2024.10.24 10:38:54 INFO  no build target found for C:\Users\lucie\Documents\Cours\E5\SCALA\parser-sql\parsersql\build.sbt. Using presentation compiler with project's scala-library version: 3.3.3
2024.10.24 10:38:54 INFO  no build target found for C:\Users\lucie\Documents\Cours\E5\SCALA\parser-sql\parsersql\build.sbt. Using presentation compiler with project's scala-library version: 3.3.3
2024.10.24 10:38:55 WARN  no build target for: C:\Users\lucie\Documents\Cours\E5\SCALA\parser-sql\parsersql\build.sbt
2024.10.24 10:38:55 INFO  no build target found for C:\Users\lucie\Documents\Cours\E5\SCALA\parser-sql\parsersql\build.sbt. Using presentation compiler with project's scala-library version: 3.3.3
2024.10.24 10:39:15 INFO  no build target found for C:\Users\lucie\Documents\Cours\E5\SCALA\parser-sql\parsersql\build.sbt. Using presentation compiler with project's scala-library version: 3.3.3
2024.10.24 10:39:16 INFO  no build target found for C:\Users\lucie\Documents\Cours\E5\SCALA\parser-sql\parsersql\build.sbt. Using presentation compiler with project's scala-library version: 3.3.3
2024.10.24 10:39:15 INFO  no build target found for C:\Users\lucie\Documents\Cours\E5\SCALA\parser-sql\parsersql\build.sbt. Using presentation compiler with project's scala-library version: 3.3.3
2024.10.24 10:39:16 INFO  no build target found for C:\Users\lucie\Documents\Cours\E5\SCALA\parser-sql\parsersql\build.sbt. Using presentation compiler with project's scala-library version: 3.3.3
2024.10.24 10:39:15 INFO  no build target found for C:\Users\lucie\Documents\Cours\E5\SCALA\parser-sql\parsersql\build.sbt. Using presentation compiler with project's scala-library version: 3.3.3
2024.10.24 10:39:15 INFO  no build target found for C:\Users\lucie\Documents\Cours\E5\SCALA\parser-sql\parsersql\build.sbt. Using presentation compiler with project's scala-library version: 3.3.3
2024.10.24 10:39:16 INFO  no build target found for C:\Users\lucie\Documents\Cours\E5\SCALA\parser-sql\parsersql\build.sbt. Using presentation compiler with project's scala-library version: 3.3.3
2024.10.24 10:39:15 INFO  no build target found for C:\Users\lucie\Documents\Cours\E5\SCALA\parser-sql\parsersql\build.sbt. Using presentation compiler with project's scala-library version: 3.3.3
2024.10.24 10:39:16 INFO  no build target found for C:\Users\lucie\Documents\Cours\E5\SCALA\parser-sql\parsersql\build.sbt. Using presentation compiler with project's scala-library version: 3.3.3
2024.10.24 10:39:17 INFO  no build target found for C:\Users\lucie\Documents\Cours\E5\SCALA\parser-sql\parsersql\build.sbt. Using presentation compiler with project's scala-library version: 3.3.3
2024.10.24 10:39:17 INFO  no build target found for C:\Users\lucie\Documents\Cours\E5\SCALA\parser-sql\parsersql\build.sbt. Using presentation compiler with project's scala-library version: 3.3.3
2024.10.24 10:39:17 INFO  no build target found for C:\Users\lucie\Documents\Cours\E5\SCALA\parser-sql\parsersql\build.sbt. Using presentation compiler with project's scala-library version: 3.3.3
2024.10.24 10:39:17 INFO  no build target found for C:\Users\lucie\Documents\Cours\E5\SCALA\parser-sql\parsersql\build.sbt. Using presentation compiler with project's scala-library version: 3.3.3
2024.10.24 10:39:17 WARN  no build target for: C:\Users\lucie\Documents\Cours\E5\SCALA\parser-sql\parsersql\build.sbt
2024.10.24 10:39:16 INFO  no build target found for C:\Users\lucie\Documents\Cours\E5\SCALA\parser-sql\parsersql\build.sbt. Using presentation compiler with project's scala-library version: 3.3.3
2024.10.24 10:39:52 INFO  no build target found for C:\Users\lucie\Documents\Cours\E5\SCALA\parser-sql\parsersql\build.sbt. Using presentation compiler with project's scala-library version: 3.3.3
2024.10.24 10:39:52 INFO  no build target found for C:\Users\lucie\Documents\Cours\E5\SCALA\parser-sql\parsersql\build.sbt. Using presentation compiler with project's scala-library version: 3.3.3
2024.10.24 10:40:00 INFO  no build target found for C:\Users\lucie\Documents\Cours\E5\SCALA\parser-sql\parsersql\build.sbt. Using presentation compiler with project's scala-library version: 3.3.3
2024.10.24 10:41:48 INFO  no build target found for C:\Users\lucie\Documents\Cours\E5\SCALA\parser-sql\parsersql\build.sbt. Using presentation compiler with project's scala-library version: 3.3.3
2024.10.24 10:41:50 INFO  no build target found for C:\Users\lucie\Documents\Cours\E5\SCALA\parser-sql\parsersql\src\main\scala\Main.scala. Using presentation compiler with project's scala-library version: 3.3.3
2024.10.24 10:41:50 INFO  no build target found for C:\Users\lucie\Documents\Cours\E5\SCALA\parser-sql\parsersql\src\main\scala\Main.scala. Using presentation compiler with project's scala-library version: 3.3.3
2024.10.24 10:41:52 INFO  no build target found for C:\Users\lucie\Documents\Cours\E5\SCALA\parser-sql\parsersql\src\main\scala\Main.scala. Using presentation compiler with project's scala-library version: 3.3.3
2024.10.24 10:41:52 INFO  no build target found for C:\Users\lucie\Documents\Cours\E5\SCALA\parser-sql\parsersql\src\main\scala\Main.scala. Using presentation compiler with project's scala-library version: 3.3.3
2024.10.24 10:41:52 INFO  no build target found for C:\Users\lucie\Documents\Cours\E5\SCALA\parser-sql\parsersql\src\main\scala\Main.scala. Using presentation compiler with project's scala-library version: 3.3.3
2024.10.24 10:41:52 INFO  no build target found for C:\Users\lucie\Documents\Cours\E5\SCALA\parser-sql\parsersql\src\main\scala\Main.scala. Using presentation compiler with project's scala-library version: 3.3.3
2024.10.24 10:41:52 INFO  no build target found for C:\Users\lucie\Documents\Cours\E5\SCALA\parser-sql\parsersql\src\main\scala\Main.scala. Using presentation compiler with project's scala-library version: 3.3.3
2024.10.24 10:41:52 WARN  no build target for: C:\Users\lucie\Documents\Cours\E5\SCALA\parser-sql\parsersql\src\main\scala\Main.scala
2024.10.24 10:41:52 INFO  no build target found for C:\Users\lucie\Documents\Cours\E5\SCALA\parser-sql\parsersql\src\main\scala\Main.scala. Using presentation compiler with project's scala-library version: 3.3.3
2024.10.24 10:42:11 INFO  no build target found for C:\Users\lucie\Documents\Cours\E5\SCALA\parser-sql\parsersql\src\test\scala\MySuite.scala. Using presentation compiler with project's scala-library version: 3.3.3
2024.10.24 10:42:11 INFO  no build target found for C:\Users\lucie\Documents\Cours\E5\SCALA\parser-sql\parsersql\src\test\scala\MySuite.scala. Using presentation compiler with project's scala-library version: 3.3.3
2024.10.24 10:42:19 INFO  no build target found for C:\Users\lucie\Documents\Cours\E5\SCALA\parser-sql\parsersql\src\test\scala\MySuite.scala. Using presentation compiler with project's scala-library version: 3.3.3
2024.10.24 10:42:19 INFO  no build target found for C:\Users\lucie\Documents\Cours\E5\SCALA\parser-sql\parsersql\src\test\scala\MySuite.scala. Using presentation compiler with project's scala-library version: 3.3.3
2024.10.24 10:42:19 INFO  no build target found for C:\Users\lucie\Documents\Cours\E5\SCALA\parser-sql\parsersql\src\test\scala\MySuite.scala. Using presentation compiler with project's scala-library version: 3.3.3
2024.10.24 10:42:19 WARN  Could not find semantic tokens for: file:///C:/Users/lucie/Documents/Cours/E5/SCALA/parser-sql/parsersql/src/test/scala/MySuite.scala
2024.10.24 10:42:19 WARN  no build target for: C:\Users\lucie\Documents\Cours\E5\SCALA\parser-sql\parsersql\src\test\scala\MySuite.scala
2024.10.24 10:42:19 INFO  no build target found for C:\Users\lucie\Documents\Cours\E5\SCALA\parser-sql\parsersql\src\test\scala\MySuite.scala. Using presentation compiler with project's scala-library version: 3.3.3
2024.10.24 10:42:19 WARN  Could not find semantic tokens for: file:///C:/Users/lucie/Documents/Cours/E5/SCALA/parser-sql/parsersql/src/test/scala/MySuite.scala
2024.10.24 10:42:47 INFO  no build target found for C:\Users\lucie\Documents\Cours\E5\SCALA\parser-sql\parsersql\src\main\scala\Main.scala. Using presentation compiler with project's scala-library version: 3.3.3
2024.10.24 10:43:42 INFO  no build target found for C:\Users\lucie\Documents\Cours\E5\SCALA\parser-sql\parsersql\src\main\scala\Main.scala. Using presentation compiler with project's scala-library version: 3.3.3
2024.10.24 10:43:42 INFO  no build target found for C:\Users\lucie\Documents\Cours\E5\SCALA\parser-sql\parsersql\src\main\scala\Main.scala. Using presentation compiler with project's scala-library version: 3.3.3
2024.10.24 10:43:42 INFO  no build target found for C:\Users\lucie\Documents\Cours\E5\SCALA\parser-sql\parsersql\src\main\scala\Main.scala. Using presentation compiler with project's scala-library version: 3.3.3
2024.10.24 10:43:42 INFO  no build target found for C:\Users\lucie\Documents\Cours\E5\SCALA\parser-sql\parsersql\src\main\scala\Main.scala. Using presentation compiler with project's scala-library version: 3.3.3
2024.10.24 10:43:43 INFO  no build target found for C:\Users\lucie\Documents\Cours\E5\SCALA\parser-sql\parsersql\src\main\scala\Main.scala. Using presentation compiler with project's scala-library version: 3.3.3
2024.10.24 10:43:42 WARN  no build target for: C:\Users\lucie\Documents\Cours\E5\SCALA\parser-sql\parsersql\src\main\scala\Main.scala
2024.10.24 10:43:42 INFO  no build target found for C:\Users\lucie\Documents\Cours\E5\SCALA\parser-sql\parsersql\src\main\scala\Main.scala. Using presentation compiler with project's scala-library version: 3.3.3
2024.10.24 10:45:08 INFO  no build target found for C:\Users\lucie\Documents\Cours\E5\SCALA\parser-sql\parsersql\src\main\scala\Main.scala. Using presentation compiler with project's scala-library version: 3.3.3
2024.10.24 10:45:09 INFO  no build target found for C:\Users\lucie\Documents\Cours\E5\SCALA\parser-sql\parsersql\src\main\scala\Main.scala. Using presentation compiler with project's scala-library version: 3.3.3
2024.10.24 10:45:09 INFO  no build target found for C:\Users\lucie\Documents\Cours\E5\SCALA\parser-sql\parsersql\src\main\scala\Main.scala. Using presentation compiler with project's scala-library version: 3.3.3
2024.10.24 10:45:09 WARN  no build target for: C:\Users\lucie\Documents\Cours\E5\SCALA\parser-sql\parsersql\src\main\scala\Main.scala
2024.10.24 10:45:09 INFO  no build target found for C:\Users\lucie\Documents\Cours\E5\SCALA\parser-sql\parsersql\src\main\scala\Main.scala. Using presentation compiler with project's scala-library version: 3.3.3
2024.10.24 10:45:41 INFO  no build target found for C:\Users\lucie\Documents\Cours\E5\SCALA\parser-sql\parsersql\src\main\scala\Main.scala. Using presentation compiler with project's scala-library version: 3.3.3
2024.10.24 10:45:42 INFO  no build target found for C:\Users\lucie\Documents\Cours\E5\SCALA\parser-sql\parsersql\src\main\scala\Main.scala. Using presentation compiler with project's scala-library version: 3.3.3
2024.10.24 10:45:43 INFO  no build target found for C:\Users\lucie\Documents\Cours\E5\SCALA\parser-sql\parsersql\src\main\scala\Main.scala. Using presentation compiler with project's scala-library version: 3.3.3
2024.10.24 10:46:52 INFO  no build target found for C:\Users\lucie\Documents\Cours\E5\SCALA\parser-sql\parsersql\src\main\scala\Main.scala. Using presentation compiler with project's scala-library version: 3.3.3
2024.10.24 10:46:52 INFO  no build target found for C:\Users\lucie\Documents\Cours\E5\SCALA\parser-sql\parsersql\src\main\scala\Main.scala. Using presentation compiler with project's scala-library version: 3.3.3
2024.10.24 10:46:52 INFO  no build target found for C:\Users\lucie\Documents\Cours\E5\SCALA\parser-sql\parsersql\src\main\scala\Main.scala. Using presentation compiler with project's scala-library version: 3.3.3
2024.10.24 10:46:53 INFO  no build target found for C:\Users\lucie\Documents\Cours\E5\SCALA\parser-sql\parsersql\src\main\scala\Main.scala. Using presentation compiler with project's scala-library version: 3.3.3
2024.10.24 10:46:53 INFO  no build target found for C:\Users\lucie\Documents\Cours\E5\SCALA\parser-sql\parsersql\src\main\scala\Main.scala. Using presentation compiler with project's scala-library version: 3.3.3
2024.10.24 10:46:53 INFO  no build target found for C:\Users\lucie\Documents\Cours\E5\SCALA\parser-sql\parsersql\src\main\scala\Main.scala. Using presentation compiler with project's scala-library version: 3.3.3
2024.10.24 10:46:53 INFO  no build target found for C:\Users\lucie\Documents\Cours\E5\SCALA\parser-sql\parsersql\src\main\scala\Main.scala. Using presentation compiler with project's scala-library version: 3.3.3
2024.10.24 10:46:54 WARN  no build target for: C:\Users\lucie\Documents\Cours\E5\SCALA\parser-sql\parsersql\src\main\scala\Main.scala
2024.10.24 10:46:54 INFO  no build target found for C:\Users\lucie\Documents\Cours\E5\SCALA\parser-sql\parsersql\src\main\scala\Main.scala. Using presentation compiler with project's scala-library version: 3.3.3
2024.10.24 10:46:55 INFO  no build target found for C:\Users\lucie\Documents\Cours\E5\SCALA\parser-sql\parsersql\src\main\scala\Main.scala. Using presentation compiler with project's scala-library version: 3.3.3
2024.10.24 10:47:12 INFO  no build target found for C:\Users\lucie\Documents\Cours\E5\SCALA\parser-sql\parsersql\src\main\scala\Main.scala. Using presentation compiler with project's scala-library version: 3.3.3
2024.10.24 10:47:12 INFO  no build target found for C:\Users\lucie\Documents\Cours\E5\SCALA\parser-sql\parsersql\src\main\scala\Main.scala. Using presentation compiler with project's scala-library version: 3.3.3
2024.10.24 10:47:55 INFO  no build target found for C:\Users\lucie\Documents\Cours\E5\SCALA\parser-sql\parsersql\src\main\scala\Main.scala. Using presentation compiler with project's scala-library version: 3.3.3
2024.10.24 10:47:58 INFO  no build target found for C:\Users\lucie\Documents\Cours\E5\SCALA\parser-sql\parsersql\src\main\scala\Main.scala. Using presentation compiler with project's scala-library version: 3.3.3
2024.10.24 10:47:58 INFO  no build target found for C:\Users\lucie\Documents\Cours\E5\SCALA\parser-sql\parsersql\src\main\scala\Main.scala. Using presentation compiler with project's scala-library version: 3.3.3
2024.10.24 10:47:58 INFO  no build target found for C:\Users\lucie\Documents\Cours\E5\SCALA\parser-sql\parsersql\src\main\scala\Main.scala. Using presentation compiler with project's scala-library version: 3.3.3
2024.10.24 10:48:00 INFO  no build target found for C:\Users\lucie\Documents\Cours\E5\SCALA\parser-sql\parsersql\src\main\scala\Main.scala. Using presentation compiler with project's scala-library version: 3.3.3
2024.10.24 10:48:00 INFO  no build target found for C:\Users\lucie\Documents\Cours\E5\SCALA\parser-sql\parsersql\src\main\scala\Main.scala. Using presentation compiler with project's scala-library version: 3.3.3
2024.10.24 10:48:00 INFO  no build target found for C:\Users\lucie\Documents\Cours\E5\SCALA\parser-sql\parsersql\src\main\scala\Main.scala. Using presentation compiler with project's scala-library version: 3.3.3
2024.10.24 10:48:00 WARN  no build target for: C:\Users\lucie\Documents\Cours\E5\SCALA\parser-sql\parsersql\src\main\scala\Main.scala
2024.10.24 10:48:00 INFO  no build target found for C:\Users\lucie\Documents\Cours\E5\SCALA\parser-sql\parsersql\src\main\scala\Main.scala. Using presentation compiler with project's scala-library version: 3.3.3
2024.10.24 10:48:02 INFO  no build target found for C:\Users\lucie\Documents\Cours\E5\SCALA\parser-sql\parsersql\src\main\scala\Main.scala. Using presentation compiler with project's scala-library version: 3.3.3
2024.10.24 10:48:04 INFO  no build target found for C:\Users\lucie\Documents\Cours\E5\SCALA\parser-sql\parsersql\src\main\scala\Main.scala. Using presentation compiler with project's scala-library version: 3.3.3
2024.10.24 10:48:04 INFO  no build target found for C:\Users\lucie\Documents\Cours\E5\SCALA\parser-sql\parsersql\src\main\scala\Main.scala. Using presentation compiler with project's scala-library version: 3.3.3
2024.10.24 10:48:04 INFO  no build target found for C:\Users\lucie\Documents\Cours\E5\SCALA\parser-sql\parsersql\src\main\scala\Main.scala. Using presentation compiler with project's scala-library version: 3.3.3
2024.10.24 10:48:04 INFO  no build target found for C:\Users\lucie\Documents\Cours\E5\SCALA\parser-sql\parsersql\src\main\scala\Main.scala. Using presentation compiler with project's scala-library version: 3.3.3
2024.10.24 10:48:05 INFO  no build target found for C:\Users\lucie\Documents\Cours\E5\SCALA\parser-sql\parsersql\src\main\scala\Main.scala. Using presentation compiler with project's scala-library version: 3.3.3
2024.10.24 10:48:04 INFO  no build target found for C:\Users\lucie\Documents\Cours\E5\SCALA\parser-sql\parsersql\src\main\scala\Main.scala. Using presentation compiler with project's scala-library version: 3.3.3
2024.10.24 10:48:07 INFO  no build target found for C:\Users\lucie\Documents\Cours\E5\SCALA\parser-sql\parsersql\src\main\scala\Main.scala. Using presentation compiler with project's scala-library version: 3.3.3
2024.10.24 10:48:07 INFO  no build target found for C:\Users\lucie\Documents\Cours\E5\SCALA\parser-sql\parsersql\src\main\scala\Main.scala. Using presentation compiler with project's scala-library version: 3.3.3
2024.10.24 10:48:07 INFO  no build target found for C:\Users\lucie\Documents\Cours\E5\SCALA\parser-sql\parsersql\src\main\scala\Main.scala. Using presentation compiler with project's scala-library version: 3.3.3
2024.10.24 10:48:08 INFO  no build target found for C:\Users\lucie\Documents\Cours\E5\SCALA\parser-sql\parsersql\src\main\scala\Main.scala. Using presentation compiler with project's scala-library version: 3.3.3
2024.10.24 10:48:08 INFO  no build target found for C:\Users\lucie\Documents\Cours\E5\SCALA\parser-sql\parsersql\src\main\scala\Main.scala. Using presentation compiler with project's scala-library version: 3.3.3
2024.10.24 10:48:08 INFO  no build target found for C:\Users\lucie\Documents\Cours\E5\SCALA\parser-sql\parsersql\src\main\scala\Main.scala. Using presentation compiler with project's scala-library version: 3.3.3
2024.10.24 10:48:08 INFO  no build target found for C:\Users\lucie\Documents\Cours\E5\SCALA\parser-sql\parsersql\src\main\scala\Main.scala. Using presentation compiler with project's scala-library version: 3.3.3
2024.10.24 10:48:08 INFO  no build target found for C:\Users\lucie\Documents\Cours\E5\SCALA\parser-sql\parsersql\src\main\scala\Main.scala. Using presentation compiler with project's scala-library version: 3.3.3
2024.10.24 10:48:08 INFO  no build target found for C:\Users\lucie\Documents\Cours\E5\SCALA\parser-sql\parsersql\src\main\scala\Main.scala. Using presentation compiler with project's scala-library version: 3.3.3
2024.10.24 10:48:09 WARN  no build target for: C:\Users\lucie\Documents\Cours\E5\SCALA\parser-sql\parsersql\src\main\scala\Main.scala
2024.10.24 10:48:09 INFO  no build target found for C:\Users\lucie\Documents\Cours\E5\SCALA\parser-sql\parsersql\src\main\scala\Main.scala. Using presentation compiler with project's scala-library version: 3.3.3
2024.10.24 10:48:08 INFO  no build target found for C:\Users\lucie\Documents\Cours\E5\SCALA\parser-sql\parsersql\src\main\scala\Main.scala. Using presentation compiler with project's scala-library version: 3.3.3
2024.10.24 10:48:08 INFO  no build target found for C:\Users\lucie\Documents\Cours\E5\SCALA\parser-sql\parsersql\src\main\scala\Main.scala. Using presentation compiler with project's scala-library version: 3.3.3
2024.10.24 10:48:08 INFO  no build target found for C:\Users\lucie\Documents\Cours\E5\SCALA\parser-sql\parsersql\src\main\scala\Main.scala. Using presentation compiler with project's scala-library version: 3.3.3
2024.10.24 10:48:08 INFO  no build target found for C:\Users\lucie\Documents\Cours\E5\SCALA\parser-sql\parsersql\src\main\scala\Main.scala. Using presentation compiler with project's scala-library version: 3.3.3
2024.10.24 10:51:33 INFO  no build target found for C:\Users\lucie\Documents\Cours\E5\SCALA\parser-sql\parsersql\src\main\scala\Main.scala. Using presentation compiler with project's scala-library version: 3.3.3
2024.10.24 10:51:33 INFO  no build target found for C:\Users\lucie\Documents\Cours\E5\SCALA\parser-sql\parsersql\src\main\scala\Main.scala. Using presentation compiler with project's scala-library version: 3.3.3
2024.10.24 10:51:33 INFO  no build target found for C:\Users\lucie\Documents\Cours\E5\SCALA\parser-sql\parsersql\src\main\scala\Main.scala. Using presentation compiler with project's scala-library version: 3.3.3
2024.10.24 10:51:33 WARN  no build target for: C:\Users\lucie\Documents\Cours\E5\SCALA\parser-sql\parsersql\src\main\scala\Main.scala
2024.10.24 10:51:33 INFO  no build target found for C:\Users\lucie\Documents\Cours\E5\SCALA\parser-sql\parsersql\src\main\scala\Main.scala. Using presentation compiler with project's scala-library version: 3.3.3
2024.10.24 10:51:54 INFO  no build target found for C:\Users\lucie\Documents\Cours\E5\SCALA\parser-sql\parsersql\src\main\scala\Main.scala. Using presentation compiler with project's scala-library version: 3.3.3
2024.10.24 10:51:54 INFO  no build target found for C:\Users\lucie\Documents\Cours\E5\SCALA\parser-sql\parsersql\src\main\scala\Main.scala. Using presentation compiler with project's scala-library version: 3.3.3
2024.10.24 10:51:55 INFO  no build target found for C:\Users\lucie\Documents\Cours\E5\SCALA\parser-sql\parsersql\src\main\scala\Main.scala. Using presentation compiler with project's scala-library version: 3.3.3
2024.10.24 10:51:55 INFO  no build target found for C:\Users\lucie\Documents\Cours\E5\SCALA\parser-sql\parsersql\src\main\scala\Main.scala. Using presentation compiler with project's scala-library version: 3.3.3
2024.10.24 10:51:55 WARN  no build target for: C:\Users\lucie\Documents\Cours\E5\SCALA\parser-sql\parsersql\src\main\scala\Main.scala
2024.10.24 10:51:56 INFO  no build target found for C:\Users\lucie\Documents\Cours\E5\SCALA\parser-sql\parsersql\src\main\scala\Main.scala. Using presentation compiler with project's scala-library version: 3.3.3
2024.10.24 10:51:56 INFO  no build target found for C:\Users\lucie\Documents\Cours\E5\SCALA\parser-sql\parsersql\src\main\scala\Main.scala. Using presentation compiler with project's scala-library version: 3.3.3
2024.10.24 10:51:57 INFO  no build target found for C:\Users\lucie\Documents\Cours\E5\SCALA\parser-sql\parsersql\src\main\scala\Main.scala. Using presentation compiler with project's scala-library version: 3.3.3
2024.10.24 10:53:31 INFO  no build target found for C:\Users\lucie\Documents\Cours\E5\SCALA\parser-sql\parsersql\src\main\scala\Main.scala. Using presentation compiler with project's scala-library version: 3.3.3
2024.10.24 10:53:31 INFO  no build target found for C:\Users\lucie\Documents\Cours\E5\SCALA\parser-sql\parsersql\src\main\scala\Main.scala. Using presentation compiler with project's scala-library version: 3.3.3
2024.10.24 10:53:31 INFO  no build target found for C:\Users\lucie\Documents\Cours\E5\SCALA\parser-sql\parsersql\src\main\scala\Main.scala. Using presentation compiler with project's scala-library version: 3.3.3
2024.10.24 10:53:32 INFO  no build target found for C:\Users\lucie\Documents\Cours\E5\SCALA\parser-sql\parsersql\src\main\scala\Main.scala. Using presentation compiler with project's scala-library version: 3.3.3
2024.10.24 10:53:32 INFO  no build target found for C:\Users\lucie\Documents\Cours\E5\SCALA\parser-sql\parsersql\src\main\scala\Main.scala. Using presentation compiler with project's scala-library version: 3.3.3
2024.10.24 10:53:33 WARN  no build target for: C:\Users\lucie\Documents\Cours\E5\SCALA\parser-sql\parsersql\src\main\scala\Main.scala
2024.10.24 10:53:33 INFO  no build target found for C:\Users\lucie\Documents\Cours\E5\SCALA\parser-sql\parsersql\src\main\scala\Main.scala. Using presentation compiler with project's scala-library version: 3.3.3
2024.10.24 10:55:25 INFO  no build target found for C:\Users\lucie\Documents\Cours\E5\SCALA\parser-sql\parsersql\src\main\scala\Main.scala. Using presentation compiler with project's scala-library version: 3.3.3
2024.10.24 10:55:25 INFO  no build target found for C:\Users\lucie\Documents\Cours\E5\SCALA\parser-sql\parsersql\src\main\scala\Main.scala. Using presentation compiler with project's scala-library version: 3.3.3
2024.10.24 10:55:25 INFO  no build target found for C:\Users\lucie\Documents\Cours\E5\SCALA\parser-sql\parsersql\src\main\scala\Main.scala. Using presentation compiler with project's scala-library version: 3.3.3
2024.10.24 10:55:26 INFO  no build target found for C:\Users\lucie\Documents\Cours\E5\SCALA\parser-sql\parsersql\src\main\scala\Main.scala. Using presentation compiler with project's scala-library version: 3.3.3
2024.10.24 10:55:26 INFO  no build target found for C:\Users\lucie\Documents\Cours\E5\SCALA\parser-sql\parsersql\src\main\scala\Main.scala. Using presentation compiler with project's scala-library version: 3.3.3
2024.10.24 10:55:26 INFO  no build target found for C:\Users\lucie\Documents\Cours\E5\SCALA\parser-sql\parsersql\src\main\scala\Main.scala. Using presentation compiler with project's scala-library version: 3.3.3
2024.10.24 10:55:26 INFO  no build target found for C:\Users\lucie\Documents\Cours\E5\SCALA\parser-sql\parsersql\src\main\scala\Main.scala. Using presentation compiler with project's scala-library version: 3.3.3
2024.10.24 10:57:43 INFO  no build target found for C:\Users\lucie\Documents\Cours\E5\SCALA\parser-sql\parsersql\src\main\scala\Main.scala. Using presentation compiler with project's scala-library version: 3.3.3
2024.10.24 10:57:43 INFO  no build target found for C:\Users\lucie\Documents\Cours\E5\SCALA\parser-sql\parsersql\src\main\scala\Main.scala. Using presentation compiler with project's scala-library version: 3.3.3
2024.10.24 10:57:52 INFO  no build target found for C:\Users\lucie\Documents\Cours\E5\SCALA\parser-sql\parsersql\src\main\scala\Main.scala. Using presentation compiler with project's scala-library version: 3.3.3
2024.10.24 10:57:52 INFO  no build target found for C:\Users\lucie\Documents\Cours\E5\SCALA\parser-sql\parsersql\src\main\scala\Main.scala. Using presentation compiler with project's scala-library version: 3.3.3
2024.10.24 11:00:10 INFO  no build target found for C:\Users\lucie\Documents\Cours\E5\SCALA\parser-sql\parsersql\src\test\scala\MySuite.scala. Using presentation compiler with project's scala-library version: 3.3.3
2024.10.24 11:00:10 WARN  Could not find semantic tokens for: file:///C:/Users/lucie/Documents/Cours/E5/SCALA/parser-sql/parsersql/src/test/scala/MySuite.scala
2024.10.24 11:00:13 INFO  no build target found for C:\Users\lucie\Documents\Cours\E5\SCALA\parser-sql\parsersql\src\main\scala\Main.scala. Using presentation compiler with project's scala-library version: 3.3.3
2024.10.24 11:00:57 INFO  no build target found for C:\Users\lucie\Documents\Cours\E5\SCALA\parser-sql\parsersql\src\main\scala\Main.scala. Using presentation compiler with project's scala-library version: 3.3.3
2024.10.24 11:01:08 INFO  no build target found for C:\Users\lucie\Documents\Cours\E5\SCALA\parser-sql\parsersql\build.sbt. Using presentation compiler with project's scala-library version: 3.3.3
